Using pre-set license
Built from '2020.3/staging' branch; Version is '2020.3.18f1 (a7d1c678663c) revision 10998214'; Using compiler version '192528614'; Build Type 'Release'
OS: 'Windows 10 Enterprise; OS build 18363.1801; Version 1909; 64bit' Language: 'en' Physical Memory: 16332 MB
BatchMode: 1, IsHumanControllingUs: 0, StartBugReporterOnCrash: 0, Is64bit: 1, IsPro: 0

COMMAND LINE ARGUMENTS:
C:\Program Files\Unity\Hub\Editor\2020.3.18f1\Editor\Unity.exe
-adb2
-batchMode
-noUpm
-name
AssetImportWorker0
-projectPath
C:/Users/rojo2/F21_Proj_1B_Wolf_Shane
-logFile
Logs/AssetImportWorker0.log
-srvPort
64454
Successfully changed project path to: C:/Users/rojo2/F21_Proj_1B_Wolf_Shane
C:/Users/rojo2/F21_Proj_1B_Wolf_Shane
Using Asset Import Pipeline V2.
Refreshing native plugins compatible for Editor in 37.06 ms, found 2 plugins.
Preloading 0 native plugins for Editor in 0.00 ms.
Initialize engine version: 2020.3.18f1 (a7d1c678663c)
[Subsystems] Discovering subsystems at path C:/Program Files/Unity/Hub/Editor/2020.3.18f1/Editor/Data/Resources/UnitySubsystems
[Subsystems] Discovering subsystems at path C:/Users/rojo2/F21_Proj_1B_Wolf_Shane/Assets
GfxDevice: creating device client; threaded=0
Direct3D:
    Version:  Direct3D 11.0 [level 11.1]
    Renderer: NVIDIA GeForce GTX 970 (ID=0x13c2)
    Vendor:   
    VRAM:     4043 MB
    Driver:   30.0.14.7212
Initialize mono
Mono path[0] = 'C:/Program Files/Unity/Hub/Editor/2020.3.18f1/Editor/Data/Managed'
Mono path[1] = 'C:/Program Files/Unity/Hub/Editor/2020.3.18f1/Editor/Data/MonoBleedingEdge/lib/mono/unityjit'
Mono config path = 'C:/Program Files/Unity/Hub/Editor/2020.3.18f1/Editor/Data/MonoBleedingEdge/etc'
Using monoOptions --debugger-agent=transport=dt_socket,embedding=1,server=y,suspend=n,address=127.0.0.1:56304
Begin MonoManager ReloadAssembly
Registering precompiled unity dll's ...
Register platform support module: C:/Program Files/Unity/Hub/Editor/2020.3.18f1/Editor/Data/PlaybackEngines/WindowsStandaloneSupport/UnityEditor.WindowsStandalone.Extensions.dll
Registered in 0.004797 seconds.
Native extension for WindowsStandalone target not found
Refreshing native plugins compatible for Editor in 30.40 ms, found 2 plugins.
Preloading 0 native plugins for Editor in 0.00 ms.
Mono: successfully reloaded assembly
- Completed reload, in  1.608 seconds
Domain Reload Profiling:
	ReloadAssembly (1609ms)
		BeginReloadAssembly (72ms)
			ExecutionOrderSort (0ms)
			DisableScriptedObjects (0ms)
			BackupInstance (0ms)
			ReleaseScriptingObjects (0ms)
			CreateAndSetChildDomain (1ms)
		EndReloadAssembly (438ms)
			LoadAssemblies (67ms)
			RebuildTransferFunctionScriptingTraits (0ms)
			SetupTypeCache (162ms)
			ReleaseScriptCaches (0ms)
			RebuildScriptCaches (33ms)
			SetupLoadedEditorAssemblies (161ms)
				LogAssemblyErrors (0ms)
				InitializePlatformSupportModulesInManaged (4ms)
				SetLoadedEditorAssemblies (0ms)
				RefreshPlugins (31ms)
				BeforeProcessingInitializeOnLoad (18ms)
				ProcessInitializeOnLoadAttributes (79ms)
				ProcessInitializeOnLoadMethodAttributes (29ms)
				AfterProcessingInitializeOnLoad (0ms)
				EditorAssembliesLoaded (0ms)
			ExecutionOrderSort2 (0ms)
			AwakeInstancesAfterBackupRestoration (0ms)
Platform modules already initialized, skipping
Registering precompiled user dll's ...
Registered in 0.010901 seconds.
Begin MonoManager ReloadAssembly
Native extension for WindowsStandalone target not found
Refreshing native plugins compatible for Editor in 0.30 ms, found 2 plugins.
Preloading 0 native plugins for Editor in 0.00 ms.
Mono: successfully reloaded assembly
- Completed reload, in  1.152 seconds
Domain Reload Profiling:
	ReloadAssembly (1153ms)
		BeginReloadAssembly (170ms)
			ExecutionOrderSort (0ms)
			DisableScriptedObjects (5ms)
			BackupInstance (0ms)
			ReleaseScriptingObjects (0ms)
			CreateAndSetChildDomain (19ms)
		EndReloadAssembly (898ms)
			LoadAssemblies (111ms)
			RebuildTransferFunctionScriptingTraits (0ms)
			SetupTypeCache (302ms)
			ReleaseScriptCaches (0ms)
			RebuildScriptCaches (49ms)
			SetupLoadedEditorAssemblies (346ms)
				LogAssemblyErrors (0ms)
				InitializePlatformSupportModulesInManaged (6ms)
				SetLoadedEditorAssemblies (0ms)
				RefreshPlugins (0ms)
				BeforeProcessingInitializeOnLoad (97ms)
				ProcessInitializeOnLoadAttributes (220ms)
				ProcessInitializeOnLoadMethodAttributes (4ms)
				AfterProcessingInitializeOnLoad (17ms)
				EditorAssembliesLoaded (0ms)
			ExecutionOrderSort2 (0ms)
			AwakeInstancesAfterBackupRestoration (7ms)
Platform modules already initialized, skipping
========================================================================
Worker process is ready to serve import requests
Launched and connected shader compiler UnityShaderCompiler.exe after 0.07 seconds
Refreshing native plugins compatible for Editor in 0.31 ms, found 2 plugins.
Preloading 0 native plugins for Editor in 0.00 ms.
Unloading 1447 Unused Serialized files (Serialized files now loaded: 0)
System memory in use before: 68.1 MB.
System memory in use after: 68.2 MB.

Unloading 16 unused Assets to reduce memory usage. Loaded Objects now: 1883.
Total: 2.703700 ms (FindLiveObjects: 0.132500 ms CreateObjectMapping: 0.050700 ms MarkObjects: 2.452400 ms  DeleteObjects: 0.066800 ms)

AssetImportParameters requested are different than current active one (requested -> active):
  custom:framework-win-MediaFoundation: 216162199b28c13a410421893ffa2e32 -> 
  custom:video-decoder-ogg-theora: a1e56fd34408186e4bbccfd4996cb3dc -> 
  custom:container-muxer-webm: aa71ff27fc2769a1b78a27578f13a17b -> 
  custom:container-demuxer-webm: 4f35f7cbe854078d1ac9338744f61a02 -> 
  custom:container-demuxer-ogg: 62fdf1f143b41e24485cea50d1cbac27 -> 
  custom:video-encoder-webm-vp8: eb34c28f22e8b96e1ab97ce403110664 -> 
  custom:video-decoder-webm-vp8: 9c59270c3fd7afecdb556c50c9e8de78 -> 
  custom:audio-decoder-ogg-vorbis: bf7c407c2cedff20999df2af8eb42d56 -> 
  custom:audio-encoder-webm-vorbis: bf7c407c2cedff20999df2af8eb42d56 -> 
========================================================================
Received Import Request.
  path: Assets/Scenes/MenuOptionRollCharacterScene.unity
  artifactKey: Guid(bf83f68e2a0cc5a4ea9d526d521cf64f) Importer(815301076,1909f56bfc062723c751e8b465ee728b)
Start importing Assets/Scenes/MenuOptionRollCharacterScene.unity using Guid(bf83f68e2a0cc5a4ea9d526d521cf64f) Importer(815301076,1909f56bfc062723c751e8b465ee728b)  -> (artifact id: '79b9233ce6959d5f8c37028ffc93cee5') in 0.017595 seconds 
  Import took 0.020215 seconds .

========================================================================
Received Import Request.
  Time since last request: 0.000184 seconds.
  path: Assets/Scenes/MenuOptionSettingsScene.unity
  artifactKey: Guid(962ca7338bc67514e9468fbcc3b78aa0) Importer(815301076,1909f56bfc062723c751e8b465ee728b)
Start importing Assets/Scenes/MenuOptionSettingsScene.unity using Guid(962ca7338bc67514e9468fbcc3b78aa0) Importer(815301076,1909f56bfc062723c751e8b465ee728b)  -> (artifact id: '85a51ca6ad6ed9cbdea4c56e7d83297b') in 0.009661 seconds 
  Import took 0.012177 seconds .

========================================================================
Received Import Request.
  Time since last request: 0.000210 seconds.
  path: Assets/Scenes/MainMenuScene.unity
  artifactKey: Guid(9fc0d4010bbf28b4594072e72b8655ab) Importer(815301076,1909f56bfc062723c751e8b465ee728b)
Start importing Assets/Scenes/MainMenuScene.unity using Guid(9fc0d4010bbf28b4594072e72b8655ab) Importer(815301076,1909f56bfc062723c751e8b465ee728b)  -> (artifact id: '998ef48c885ed7a545e2ebb86b1cdb4e') in 0.008112 seconds 
  Import took 0.011166 seconds .

========================================================================
Received Import Request.
  Time since last request: 305.302295 seconds.
  path: Assets/Scenes/MenuOptionAboutScene.unity
  artifactKey: Guid(d2ea048c9cca70b4c8b84c58086d61b3) Importer(815301076,1909f56bfc062723c751e8b465ee728b)
Start importing Assets/Scenes/MenuOptionAboutScene.unity using Guid(d2ea048c9cca70b4c8b84c58086d61b3) Importer(815301076,1909f56bfc062723c751e8b465ee728b)  -> (artifact id: '240d7b6b4301d8c47a80b803dec45424') in 0.008117 seconds 
  Import took 0.011289 seconds .

========================================================================
Received Import Request.
  Time since last request: 35.049303 seconds.
  path: Assets/Scenes/MenuOptionSettingsScene.unity
  artifactKey: Guid(962ca7338bc67514e9468fbcc3b78aa0) Importer(815301076,1909f56bfc062723c751e8b465ee728b)
Start importing Assets/Scenes/MenuOptionSettingsScene.unity using Guid(962ca7338bc67514e9468fbcc3b78aa0) Importer(815301076,1909f56bfc062723c751e8b465ee728b)  -> (artifact id: '07674b9df9eec372ac71721334d5f951') in 0.009728 seconds 
  Import took 0.015147 seconds .

========================================================================
Received Import Request.
  Time since last request: 374.154538 seconds.
  path: Assets/Resources/MainMenuBackgroundImage 1.png
  artifactKey: Guid(bbf5e06c7eeeb084abe430be3533c85f) Importer(815301076,1909f56bfc062723c751e8b465ee728b)
Start importing Assets/Resources/MainMenuBackgroundImage 1.png using Guid(bbf5e06c7eeeb084abe430be3533c85f) Importer(815301076,1909f56bfc062723c751e8b465ee728b)  -> (artifact id: '695357163a9f31402a865130700a7c7b') in 0.074324 seconds 
  Import took 0.077509 seconds .

========================================================================
Received Import Request.
  Time since last request: 10.947497 seconds.
  path: Assets/Resources/FillerBackground.png
  artifactKey: Guid(96125c2bfbe549542820f6146b3f8943) Importer(815301076,1909f56bfc062723c751e8b465ee728b)
Start importing Assets/Resources/FillerBackground.png using Guid(96125c2bfbe549542820f6146b3f8943) Importer(815301076,1909f56bfc062723c751e8b465ee728b)  -> (artifact id: '5ed30697ef26f98ced4bdd7d4293b58b') in 0.018702 seconds 
  Import took 0.021486 seconds .

========================================================================
Received Import Request.
  Time since last request: 0.000750 seconds.
  path: Assets/Resources/FillerBackground.png
  artifactKey: Guid(96125c2bfbe549542820f6146b3f8943) Importer(815301076,1909f56bfc062723c751e8b465ee728b)
Start importing Assets/Resources/FillerBackground.png using Guid(96125c2bfbe549542820f6146b3f8943) Importer(815301076,1909f56bfc062723c751e8b465ee728b)  -> (artifact id: '5ed30697ef26f98ced4bdd7d4293b58b') in 0.013342 seconds 
  Import took 0.016216 seconds .

========================================================================
Received Import Request.
  Time since last request: 109.778059 seconds.
  path: Assets/Scenes/MenuOptionRollCharacterScene.unity
  artifactKey: Guid(bf83f68e2a0cc5a4ea9d526d521cf64f) Importer(815301076,1909f56bfc062723c751e8b465ee728b)
Start importing Assets/Scenes/MenuOptionRollCharacterScene.unity using Guid(bf83f68e2a0cc5a4ea9d526d521cf64f) Importer(815301076,1909f56bfc062723c751e8b465ee728b)  -> (artifact id: '3296338960c0703da7d45d588ad16990') in 0.011683 seconds 
  Import took 0.016362 seconds .

========================================================================
Received Import Request.
  Time since last request: 3.711672 seconds.
  path: Assets/Scenes/MenuOptionPlayScene.unity
  artifactKey: Guid(6b01aaec8a8ae2247947776a280a03a2) Importer(815301076,1909f56bfc062723c751e8b465ee728b)
Start importing Assets/Scenes/MenuOptionPlayScene.unity using Guid(6b01aaec8a8ae2247947776a280a03a2) Importer(815301076,1909f56bfc062723c751e8b465ee728b)  -> (artifact id: '376688fbae045edbd0e2fbde2e698e6c') in 0.007520 seconds 
  Import took 0.010371 seconds .

========================================================================
Received Import Request.
  Time since last request: 107.177641 seconds.
  path: Assets/Resources/BlankFillerBackground.png
  artifactKey: Guid(abd1f9aa161085a47bc8b904bdc805eb) Importer(815301076,1909f56bfc062723c751e8b465ee728b)
Start importing Assets/Resources/BlankFillerBackground.png using Guid(abd1f9aa161085a47bc8b904bdc805eb) Importer(815301076,1909f56bfc062723c751e8b465ee728b)  -> (artifact id: '541270f13b83b43fe511a600e907c521') in 0.024285 seconds 
  Import took 0.027608 seconds .

========================================================================
Received Import Request.
  Time since last request: 0.002674 seconds.
  path: Assets/Resources/BlankFillerBackground.png
  artifactKey: Guid(abd1f9aa161085a47bc8b904bdc805eb) Importer(815301076,1909f56bfc062723c751e8b465ee728b)
Start importing Assets/Resources/BlankFillerBackground.png using Guid(abd1f9aa161085a47bc8b904bdc805eb) Importer(815301076,1909f56bfc062723c751e8b465ee728b)  -> (artifact id: '541270f13b83b43fe511a600e907c521') in 0.012712 seconds 
  Import took 0.016187 seconds .

========================================================================
Received Import Request.
  Time since last request: 48.483449 seconds.
  path: Assets/Scenes/MenuOptionRollCharacterScene.unity
  artifactKey: Guid(bf83f68e2a0cc5a4ea9d526d521cf64f) Importer(815301076,1909f56bfc062723c751e8b465ee728b)
Start importing Assets/Scenes/MenuOptionRollCharacterScene.unity using Guid(bf83f68e2a0cc5a4ea9d526d521cf64f) Importer(815301076,1909f56bfc062723c751e8b465ee728b)  -> (artifact id: 'dc1011c5f4d6a964a57cd714e8863d9e') in 0.007577 seconds 
  Import took 0.010687 seconds .

========================================================================
Received Import Request.
  Time since last request: 22.732948 seconds.
  path: Assets/Scenes/MenuOptionAboutScene.unity
  artifactKey: Guid(d2ea048c9cca70b4c8b84c58086d61b3) Importer(815301076,1909f56bfc062723c751e8b465ee728b)
Start importing Assets/Scenes/MenuOptionAboutScene.unity using Guid(d2ea048c9cca70b4c8b84c58086d61b3) Importer(815301076,1909f56bfc062723c751e8b465ee728b)  -> (artifact id: '830eb5f000a9b8a4ca5b9e863da21cc4') in 0.007665 seconds 
  Import took 0.010342 seconds .

========================================================================
Received Import Request.
  Time since last request: 149.580163 seconds.
  path: Assets/Resources/FireBackground.png
  artifactKey: Guid(10a9cd3147df0f8479efb5ee74266e7a) Importer(815301076,1909f56bfc062723c751e8b465ee728b)
Start importing Assets/Resources/FireBackground.png using Guid(10a9cd3147df0f8479efb5ee74266e7a) Importer(815301076,1909f56bfc062723c751e8b465ee728b)  -> (artifact id: 'b45577b4e1ed9950a518dd6e5fd11ab2') in 0.017755 seconds 
  Import took 0.020912 seconds .

========================================================================
Received Import Request.
  Time since last request: 0.000710 seconds.
  path: Assets/Resources/FireBackground.png
  artifactKey: Guid(10a9cd3147df0f8479efb5ee74266e7a) Importer(815301076,1909f56bfc062723c751e8b465ee728b)
Start importing Assets/Resources/FireBackground.png using Guid(10a9cd3147df0f8479efb5ee74266e7a) Importer(815301076,1909f56bfc062723c751e8b465ee728b)  -> (artifact id: 'b45577b4e1ed9950a518dd6e5fd11ab2') in 0.016787 seconds 
  Import took 0.019904 seconds .

========================================================================
Received Import Request.
  Time since last request: 29.353768 seconds.
  path: Assets/Resources/Backgrounds
  artifactKey: Guid(c6162439950368740ac966b5a5304e36) Importer(815301076,1909f56bfc062723c751e8b465ee728b)
Start importing Assets/Resources/Backgrounds using Guid(c6162439950368740ac966b5a5304e36) Importer(815301076,1909f56bfc062723c751e8b465ee728b)  -> (artifact id: '7fe64a9517ec6063227b40c8bfbf0d82') in 0.014223 seconds 
  Import took 0.017213 seconds .

========================================================================
Received Import Request.
  Time since last request: 13.157312 seconds.
  path: Assets/Scenes/MenuOptionSettingsScene.unity
  artifactKey: Guid(962ca7338bc67514e9468fbcc3b78aa0) Importer(815301076,1909f56bfc062723c751e8b465ee728b)
Start importing Assets/Scenes/MenuOptionSettingsScene.unity using Guid(962ca7338bc67514e9468fbcc3b78aa0) Importer(815301076,1909f56bfc062723c751e8b465ee728b)  -> (artifact id: '955be42ad223c4612dd7063ab2f69fc5') in 0.008228 seconds 
  Import took 0.010779 seconds .

========================================================================
Received Prepare
Registering precompiled user dll's ...
Registered in 0.010980 seconds.
Begin MonoManager ReloadAssembly
Native extension for WindowsStandalone target not found
Refreshing native plugins compatible for Editor in 0.30 ms, found 2 plugins.
Preloading 0 native plugins for Editor in 0.00 ms.
Mono: successfully reloaded assembly
- Completed reload, in  1.075 seconds
Domain Reload Profiling:
	ReloadAssembly (1076ms)
		BeginReloadAssembly (135ms)
			ExecutionOrderSort (0ms)
			DisableScriptedObjects (5ms)
			BackupInstance (0ms)
			ReleaseScriptingObjects (0ms)
			CreateAndSetChildDomain (37ms)
		EndReloadAssembly (853ms)
			LoadAssemblies (110ms)
			RebuildTransferFunctionScriptingTraits (0ms)
			SetupTypeCache (298ms)
			ReleaseScriptCaches (1ms)
			RebuildScriptCaches (40ms)
			SetupLoadedEditorAssemblies (310ms)
				LogAssemblyErrors (0ms)
				InitializePlatformSupportModulesInManaged (5ms)
				SetLoadedEditorAssemblies (0ms)
				RefreshPlugins (0ms)
				BeforeProcessingInitializeOnLoad (87ms)
				ProcessInitializeOnLoadAttributes (198ms)
				ProcessInitializeOnLoadMethodAttributes (4ms)
				AfterProcessingInitializeOnLoad (15ms)
				EditorAssembliesLoaded (0ms)
			ExecutionOrderSort2 (0ms)
			AwakeInstancesAfterBackupRestoration (7ms)
Platform modules already initialized, skipping
Refreshing native plugins compatible for Editor in 0.32 ms, found 2 plugins.
Preloading 0 native plugins for Editor in 0.00 ms.
Unloading 1428 Unused Serialized files (Serialized files now loaded: 0)
System memory in use before: 66.7 MB.
System memory in use after: 66.8 MB.

Unloading 11 unused Assets to reduce memory usage. Loaded Objects now: 1887.
Total: 2.657900 ms (FindLiveObjects: 0.147100 ms CreateObjectMapping: 0.050900 ms MarkObjects: 2.443400 ms  DeleteObjects: 0.015600 ms)

AssetImportParameters requested are different than current active one (requested -> active):
  custom:framework-win-MediaFoundation: 216162199b28c13a410421893ffa2e32 -> 
  custom:video-decoder-ogg-theora: a1e56fd34408186e4bbccfd4996cb3dc -> 
  custom:container-muxer-webm: aa71ff27fc2769a1b78a27578f13a17b -> 
  custom:container-demuxer-webm: 4f35f7cbe854078d1ac9338744f61a02 -> 
  custom:container-demuxer-ogg: 62fdf1f143b41e24485cea50d1cbac27 -> 
  custom:video-encoder-webm-vp8: eb34c28f22e8b96e1ab97ce403110664 -> 
  custom:video-decoder-webm-vp8: 9c59270c3fd7afecdb556c50c9e8de78 -> 
  custom:audio-decoder-ogg-vorbis: bf7c407c2cedff20999df2af8eb42d56 -> 
  custom:audio-encoder-webm-vorbis: bf7c407c2cedff20999df2af8eb42d56 -> 
